
================================================================================
{
  "timestamp": "2025-12-26T09:04:16.165Z",
  "type": "WARNING",
  "message": "Browser detection completed",
  "details": {
    "browsers": {
      "chrome": {
        "available": true,
        "path": "C:\\Program Files\\Google\\Chrome\\Application\\chrome.exe",
        "message": "Chrome found at: C:\\Program Files\\Google\\Chrome\\Application\\chrome.exe"
      },
      "firefox": {
        "available": false,
        "path": null,
        "message": "Firefox not found. Install Firefox to use Firefox mode."
      },
      "edge": {
        "available": true,
        "path": "C:\\Program Files (x86)\\Microsoft\\Edge\\Application\\msedge.exe",
        "message": "Edge found at: C:\\Program Files (x86)\\Microsoft\\Edge\\Application\\msedge.exe"
      },
      "puppeteerChrome": {
        "available": true,
        "path": "C:\\Users\\Zero\\.cache\\puppeteer\\chrome\\win64-137.0.7151.119\\chrome-win64\\chrome.exe",
        "message": "Puppeteer Chromium available at: C:\\Users\\Zero\\.cache\\puppeteer\\chrome\\win64-137.0.7151.119\\chrome-win64\\chrome.exe"
      }
    },
    "recommendation": "Chrome is available. Production mode recommended."
  }
}

================================================================================
{
  "timestamp": "2025-12-26T09:04:16.856Z",
  "type": "SUCCESS",
  "message": "BrowserShield started successfully",
  "info": {
    "port": 5000,
    "mode": "Production Mode (Chrome)",
    "https": false
  },
  "diagnostics": {
    "timestamp": "2025-12-26T09:04:16.855Z",
    "system": {
      "platform": "win32",
      "arch": "x64",
      "release": "10.0.19045",
      "type": "Windows_NT",
      "hostname": "COMPUTER",
      "cpus": 4,
      "totalMemory": "12163 MB",
      "freeMemory": "4136 MB"
    },
    "node": {
      "version": "v24.11.0",
      "execPath": "C:\\Program Files\\nodejs\\node.exe",
      "pid": 23460,
      "cwd": "C:\\laragon\\www\\TheBrowserShield"
    },
    "environment": {
      "NODE_ENV": "test",
      "PORT": "5000",
      "LOG_LEVEL": "info"
    },
    "paths": {
      "appRoot": "C:\\laragon\\www\\TheBrowserShield",
      "dataDir": "C:\\laragon\\www\\TheBrowserShield\\data",
      "logsDir": "C:\\laragon\\www\\TheBrowserShield\\data\\logs"
    },
    "windows": {
      "LOCALAPPDATA": "C:\\Users\\Zero\\AppData\\Local",
      "APPDATA": "C:\\Users\\Zero\\AppData\\Roaming",
      "PROGRAMFILES": "C:\\Program Files",
      "PROGRAMFILES(X86)": "C:\\Program Files (x86)"
    }
  }
}
